1.4250 	WARNING 	We strongly recommend you activate the PTB sound engine in PsychoPy prefs as the preferred audio engine. Its timing is vastly superior. Your prefs are currently set to use ['sounddevice', 'PTB', 'pyo', 'pygame'] (in that order).
7.6907 	EXP 	Created window1 = Window(allowGUI=False, allowStencil=False, autoLog=True, backendConf=UNKNOWN, bitsMode=UNKNOWN, blendMode='avg', bpc=(8, 8, 8), color=array([0, 0, 0]), colorSpace='rgb', depthBits=8, fullscr=<method-wrapper '__getattribute__' of attributeSetter object at 0x7fbf843b96d0>, gamma=None, gammaErrorPolicy='raise', lms=UNKNOWN, monitor=<psychopy.monitors.calibTools.Monitor object at 0x7fbf84913a00>, multiSample=False, name='window1', numSamples=2, pos=[480.0, 300.0], screen=0, size=array([3840, 2400]), stencilBits=0, stereo=False, units='height', useFBO=True, useRetina=True, viewOri=0.0, viewPos=None, viewScale=None, waitBlanking=True, winType='pyglet')
7.6909 	EXP 	window1: mouseVisible = True
7.6910 	EXP 	window1: Attempting to measure frame rate of screen (0) ...
7.6910 	EXP 	window1: recordFrameIntervals = False
7.8571 	EXP 	window1: recordFrameIntervals = True
8.0103 	WARNING 	t of last frame was 19.96ms (=1/50)
8.1905 	EXP 	Screen (0) actual frame rate measured at 60.06Hz
8.1905 	EXP 	window1: recordFrameIntervals = False
10.2529 	EXP 	Created text = TextStim(__class__=<class 'psychopy.visual.text.TextStim'>, alignHoriz=method-wrapper(...), alignText='center', alignVert=method-wrapper(...), anchorHoriz='center', anchorVert='center', antialias=True, autoDraw=False, autoLog=True, bold=False, color=array([1., 1., 1.]), colorSpace='rgb', contrast=1.0, depth=0.0, flipHoriz=False, flipVert=False, font='Open Sans', fontFiles=[], height=0.05, italic=False, languageStyle='LTR', name='text', opacity=1.0, ori=0.0, pos=array([0., 0.]), rgb=UNKNOWN, text=str(...), units='height', win=Window(...), wrapWidth=1)
10.2647 	EXP 	Created text_2 = TextStim(__class__=<class 'psychopy.visual.text.TextStim'>, alignHoriz=method-wrapper(...), alignText='center', alignVert=method-wrapper(...), anchorHoriz='center', anchorVert='center', antialias=True, autoDraw=False, autoLog=True, bold=False, color=array([1., 1., 1.]), colorSpace='rgb', contrast=1.0, depth=0.0, flipHoriz=False, flipVert=False, font='Open Sans', fontFiles=[], height=0.05, italic=False, languageStyle='LTR', name='text_2', opacity=1.0, ori=0.0, pos=array([0., 0.]), rgb=UNKNOWN, text=str(...), units='height', win=Window(...), wrapWidth=1)
10.2698 	EXP 	Created image = ImageStim(__class__=<class 'psychopy.visual.image.ImageStim'>, anchor=('center', 'center'), autoLog=True, color=array([1., 1., 1.]), colorSpace='rgb', contrast=1.0, depth=0.0, flipHoriz=False, flipVert=False, image='sin', interpolate=True, mask=None, maskParams=None, name='image', opacity=1.0, ori=0.0, pos=array([0., 0.]), size=array([0.5, 0.5]), texRes=128.0, units='height', win=Window(...))
10.2749 	EXP 	Created rest_block = TextStim(__class__=<class 'psychopy.visual.text.TextStim'>, alignHoriz=method-wrapper(...), alignText='center', alignVert=method-wrapper(...), anchorHoriz='center', anchorVert='center', antialias=True, autoDraw=False, autoLog=True, bold=False, color=array([1., 1., 1.]), colorSpace='rgb', contrast=1.0, depth=0.0, flipHoriz=False, flipVert=False, font='Open Sans', fontFiles=[], height=0.05, italic=False, languageStyle='LTR', name='rest_block', opacity=1.0, ori=0.0, pos=array([0., 0.]), rgb=UNKNOWN, text='Now please rest for 30 seconds.', units='height', win=Window(...), wrapWidth=1)
10.2806 	EXP 	Created text_5 = TextStim(__class__=<class 'psychopy.visual.text.TextStim'>, alignHoriz=method-wrapper(...), alignText='center', alignVert=method-wrapper(...), anchorHoriz='center', anchorVert='center', antialias=True, autoDraw=False, autoLog=True, bold=False, color=array([1., 1., 1.]), colorSpace='rgb', contrast=1.0, depth=0.0, flipHoriz=False, flipVert=False, font='Open Sans', fontFiles=[], height=0.05, italic=False, languageStyle='LTR', name='text_5', opacity=1.0, ori=0.0, pos=array([0., 0.]), rgb=UNKNOWN, text=str(...), units='height', win=Window(...), wrapWidth=1)
10.2938 	EXP 	Created text_4 = TextStim(__class__=<class 'psychopy.visual.text.TextStim'>, alignHoriz=method-wrapper(...), alignText='center', alignVert=method-wrapper(...), anchorHoriz='center', anchorVert='center', antialias=True, autoDraw=False, autoLog=True, bold=False, color=array([1., 1., 1.]), colorSpace='rgb', contrast=1.0, depth=0.0, flipHoriz=False, flipVert=False, font='Open Sans', fontFiles=[], height=0.05, italic=False, languageStyle='LTR', name='text_4', opacity=1.0, ori=0.0, pos=array([0., 0.]), rgb=UNKNOWN, text=str(...), units='height', win=Window(...), wrapWidth=1)
10.3160 	EXP 	text: autoDraw = True
12.5109 	DATA 	Keypress: space
12.5197 	EXP 	text: autoDraw = False
12.5197 	EXP 	text_2: autoDraw = True
13.7014 	EXP 	Imported practice_loop.xlsx as conditions, 3 conditions, 2 params
13.7020 	EXP 	Created sequence: random, trialTypes=3, nReps=1, seed=None
13.7023 	EXP 	New trial (rep=0, index=0): {'main_name': 'bionic', 'main_image': '/Users/nolanbrady/Desktop/LabResearch/EEG_Protocols/FontCognitiveLoad/Images/Practice/bionic_practice.png'}
13.7308 	DATA 	Keypress: y
13.7406 	EXP 	text_2: autoDraw = False
13.7406 	EXP 	image: image = '/Users/nolanbrady/Desktop/LabResearch/EEG_Protocols/FontCognitiveLoad/Images/Practice/bionic_practice.png'
13.7406 	EXP 	image: autoDraw = True
21.3958 	DATA 	Keypress: space
21.4054 	EXP 	image: autoDraw = False
21.4054 	EXP 	rest_block: autoDraw = True
26.4063 	EXP 	rest_block: autoDraw = False
26.4063 	EXP 	rest_block: autoDraw = False
26.4063 	EXP 	text_5: autoDraw = True
29.4415 	EXP 	New trial (rep=0, index=1): {'main_name': 'times', 'main_image': '/Users/nolanbrady/Desktop/LabResearch/EEG_Protocols/FontCognitiveLoad/Images/Practice/timesnewroman_practice.png'}
29.4566 	DATA 	Keypress: space
29.4653 	EXP 	text_5: autoDraw = False
29.4653 	EXP 	image: image = '/Users/nolanbrady/Desktop/LabResearch/EEG_Protocols/FontCognitiveLoad/Images/Practice/timesnewroman_practice.png'
29.4653 	EXP 	image: autoDraw = True
45.5273 	DATA 	Keypress: space
45.5381 	EXP 	image: autoDraw = False
45.5381 	EXP 	rest_block: autoDraw = True
50.5376 	EXP 	rest_block: autoDraw = False
50.5376 	EXP 	rest_block: autoDraw = False
50.5376 	EXP 	text_5: autoDraw = True
53.2900 	EXP 	New trial (rep=0, index=2): {'main_name': 'sans forgetica', 'main_image': '/Users/nolanbrady/Desktop/LabResearch/EEG_Protocols/FontCognitiveLoad/Images/Practice/sansforgetica_practice.png'}
53.3025 	DATA 	Keypress: space
53.3113 	EXP 	text_5: autoDraw = False
53.3113 	EXP 	image: image = '/Users/nolanbrady/Desktop/LabResearch/EEG_Protocols/FontCognitiveLoad/Images/Practice/sansforgetica_practice.png'
53.3113 	EXP 	image: autoDraw = True
175.4216 	DATA 	Keypress: space
175.4330 	EXP 	image: autoDraw = False
175.4330 	EXP 	rest_block: autoDraw = True
180.4359 	EXP 	rest_block: autoDraw = False
180.4359 	EXP 	rest_block: autoDraw = False
180.4359 	EXP 	text_5: autoDraw = True
184.8546 	DATA 	Keypress: space
184.8656 	EXP 	text_5: autoDraw = False
184.8656 	EXP 	text_4: autoDraw = True
189.8353 	DATA 	Keypress: escape
191.0592 	EXP 	window1: mouseVisible = True
